# JRE version: Java(TM) SE Runtime Environment (21.0.10+8) (build 21.0.10+8-LTS-217)
# Java VM: Java HotSpot(TM) 64-Bit Server VM (21.0.10+8-LTS-217, mixed mode, emulated-client, sharing, tiered, compressed oops, compressed class ptrs, g1 gc, windows-amd64)
GC Precious Log:
 CardTable entry size: 512
 Card Set container configuration: InlinePtr #cards 5 size 8 Array Of Cards #cards 12 size 40 Howl #buckets 4 coarsen threshold 1843 Howl Bitmap #cards 512 size 80 coarsen threshold 460 Card regions per heap region 1 cards per card region 2048
 CPUs: 16 total, 16 available
 Memory: 7816M
 Large Page Support: Disabled
 NUMA Support: Disabled
 Compressed Oops: Enabled (32-bit)
 Heap Region Size: 1M
 Heap Min Capacity: 8M
 Heap Initial Capacity: 124M
 Heap Max Capacity: 1956M
 Pre-touch: Disabled
 Parallel Workers: 13
 Concurrent Workers: 3
 Concurrent Refinement Workers: 13
 Periodic GC: Disabled
Heap:
 garbage-first heap   total 86016K, used 70734K [0x0000000085c00000, 0x0000000100000000)
  region size 1024K, 49 young (50176K), 5 survivors (5120K)
 Metaspace       used 69743K, committed 70400K, reserved 1114112K
  class space    used 9725K, committed 10048K, reserved 1048576K
GC Heap History (20 events):
Event: 2198.880 GC heap after
{Heap after GC invocations=24 (full 1):
 garbage-first heap   total 86016K, used 29256K [0x0000000085c00000, 0x0000000100000000)
  region size 1024K, 7 young (7168K), 7 survivors (7168K)
 Metaspace       used 67743K, committed 68672K, reserved 1114112K
  class space    used 9411K, committed 9792K, reserved 1048576K
}
Event: 2331.027 GC heap before
{Heap before GC invocations=25 (full 1):
 garbage-first heap   total 86016K, used 42568K [0x0000000085c00000, 0x0000000100000000)
  region size 1024K, 21 young (21504K), 7 survivors (7168K)
 Metaspace       used 67821K, committed 68672K, reserved 1114112K
  class space    used 9427K, committed 9792K, reserved 1048576K
}
Event: 2331.067 GC heap after
{Heap after GC invocations=26 (full 2):
 garbage-first heap   total 86016K, used 24845K [0x0000000085c00000, 0x0000000100000000)
  region size 1024K, 0 young (0K), 0 survivors (0K)
 Metaspace       used 67680K, committed 68672K, reserved 1114112K
  class space    used 9393K, committed 9792K, reserved 1048576K
}
Event: 2331.602 GC heap before
{Heap before GC invocations=26 (full 2):
 garbage-first heap   total 86016K, used 72973K [0x0000000085c00000, 0x0000000100000000)
  region size 1024K, 48 young (49152K), 0 survivors (0K)
 Metaspace       used 68023K, committed 68736K, reserved 1114112K
  class space    used 9471K, committed 9792K, reserved 1048576K
}
Event: 2331.606 GC heap after
{Heap after GC invocations=27 (full 2):
 garbage-first heap   total 86016K, used 29305K [0x0000000085c00000, 0x0000000100000000)
  region size 1024K, 5 young (5120K), 5 survivors (5120K)
 Metaspace       used 68023K, committed 68736K, reserved 1114112K
  class space    used 9471K, committed 9792K, reserved 1048576K
}
Event: 2403.738 GC heap before
{Heap before GC invocations=28 (full 2):
 garbage-first heap   total 86016K, used 57977K [0x0000000085c00000, 0x0000000100000000)
  region size 1024K, 35 young (35840K), 5 survivors (5120K)
 Metaspace       used 69377K, committed 70016K, reserved 1114112K
  class space    used 9716K, committed 9984K, reserved 1048576K
}
Event: 2403.782 GC heap after
{Heap after GC invocations=29 (full 3):
 garbage-first heap   total 86016K, used 25589K [0x0000000085c00000, 0x0000000100000000)
  region size 1024K, 0 young (0K), 0 survivors (0K)
 Metaspace       used 69093K, committed 70016K, reserved 1114112K
  class space    used 9671K, committed 9984K, reserved 1048576K
}
Event: 2404.253 GC heap before
{Heap before GC invocations=29 (full 3):
 garbage-first heap   total 86016K, used 71669K [0x0000000085c00000, 0x0000000100000000)
  region size 1024K, 46 young (47104K), 0 survivors (0K)
 Metaspace       used 69238K, committed 70016K, reserved 1114112K
  class space    used 9685K, committed 9984K, reserved 1048576K
}
Event: 2404.257 GC heap after
{Heap after GC invocations=30 (full 3):
 garbage-first heap   total 86016K, used 29832K [0x0000000085c00000, 0x0000000100000000)
  region size 1024K, 5 young (5120K), 5 survivors (5120K)
 Metaspace       used 69238K, committed 70016K, reserved 1114112K
  class space    used 9685K, committed 9984K, reserved 1048576K
}
Event: 2705.583 GC heap before
{Heap before GC invocations=30 (full 3):
 garbage-first heap   total 86016K, used 42120K [0x0000000085c00000, 0x0000000100000000)
  region size 1024K, 18 young (18432K), 5 survivors (5120K)
 Metaspace       used 69267K, committed 70016K, reserved 1114112K
  class space    used 9686K, committed 9984K, reserved 1048576K
}
Event: 2705.621 GC heap after
{Heap after GC invocations=31 (full 4):
 garbage-first heap   total 86016K, used 25438K [0x0000000085c00000, 0x0000000100000000)
  region size 1024K, 0 young (0K), 0 survivors (0K)
 Metaspace       used 69242K, committed 70016K, reserved 1114112K
  class space    used 9679K, committed 9984K, reserved 1048576K
}
Event: 2706.057 GC heap before
{Heap before GC invocations=31 (full 4):
 garbage-first heap   total 86016K, used 70494K [0x0000000085c00000, 0x0000000100000000)
  region size 1024K, 45 young (46080K), 0 survivors (0K)
 Metaspace       used 69379K, committed 70144K, reserved 1114112K
  class space    used 9691K, committed 9984K, reserved 1048576K
}
Event: 2706.060 GC heap after
{Heap after GC invocations=32 (full 4):
 garbage-first heap   total 86016K, used 29534K [0x0000000085c00000, 0x0000000100000000)
  region size 1024K, 4 young (4096K), 4 survivors (4096K)
 Metaspace       used 69379K, committed 70144K, reserved 1114112K
  class space    used 9691K, committed 9984K, reserved 1048576K
}
Event: 2797.670 GC heap before
{Heap before GC invocations=32 (full 4):
 garbage-first heap   total 86016K, used 42846K [0x0000000085c00000, 0x0000000100000000)
  region size 1024K, 18 young (18432K), 4 survivors (4096K)
 Metaspace       used 69412K, committed 70144K, reserved 1114112K
  class space    used 9693K, committed 9984K, reserved 1048576K
}
Event: 2797.714 GC heap after
{Heap after GC invocations=33 (full 5):
 garbage-first heap   total 86016K, used 25508K [0x0000000085c00000, 0x0000000100000000)
  region size 1024K, 0 young (0K), 0 survivors (0K)
 Metaspace       used 69409K, committed 70144K, reserved 1114112K
  class space    used 9692K, committed 9984K, reserved 1048576K
}
Event: 2798.133 GC heap before
{Heap before GC invocations=33 (full 5):
 garbage-first heap   total 86016K, used 70564K [0x0000000085c00000, 0x0000000100000000)
  region size 1024K, 45 young (46080K), 0 survivors (0K)
 Metaspace       used 69596K, committed 70336K, reserved 1114112K
  class space    used 9711K, committed 10048K, reserved 1048576K
}
Event: 2798.136 GC heap after
{Heap after GC invocations=34 (full 5):
 garbage-first heap   total 86016K, used 29735K [0x0000000085c00000, 0x0000000100000000)
  region size 1024K, 5 young (5120K), 5 survivors (5120K)
 Metaspace       used 69596K, committed 70336K, reserved 1114112K
  class space    used 9711K, committed 10048K, reserved 1048576K
}
Event: 2804.786 GC heap before
{Heap before GC invocations=34 (full 5):
 garbage-first heap   total 86016K, used 42023K [0x0000000085c00000, 0x0000000100000000)
  region size 1024K, 18 young (18432K), 5 survivors (5120K)
 Metaspace       used 69599K, committed 70336K, reserved 1114112K
  class space    used 9712K, committed 10048K, reserved 1048576K
}
Event: 2804.823 GC heap after
{Heap after GC invocations=35 (full 6):
 garbage-first heap   total 86016K, used 25679K [0x0000000085c00000, 0x0000000100000000)
  region size 1024K, 0 young (0K), 0 survivors (0K)
 Metaspace       used 69596K, committed 70336K, reserved 1114112K
  class space    used 9711K, committed 10048K, reserved 1048576K
}
Event: 2858.147 GC heap before
{Heap before GC invocations=35 (full 6):
 garbage-first heap   total 86016K, used 69711K [0x0000000085c00000, 0x0000000100000000)
  region size 1024K, 44 young (45056K), 0 survivors (0K)
 Metaspace       used 69743K, committed 70400K, reserved 1114112K
  class space    used 9725K, committed 10048K, reserved 1048576K
}

